[ 2015-12-26T15:52:01+08:00 ] ::1 /hennessy/index.php/home/index/%7B:U('Home/Hennessy/hennessy','','')%7D
ERR: 非法操作:{:u('home

[ 2015-12-26T15:52:22+08:00 ] ::1 /hennessy/index.php/home/index/%7B:U('Home/Hennessy/hennessy','','')%7D
ERR: 非法操作:{:u('home

[ 2015-12-26T15:53:06+08:00 ] ::1 /hennessy/index.php/home/index/%7B:U('Home/Hennessy/hennessy','','')%7D
ERR: 非法操作:{:u('home

[ 2015-12-26T15:53:12+08:00 ] ::1 /hennessy/index.php/home/index/%7B:U('Home/Hennessy/Hennessy','','')%7D
ERR: 非法操作:{:u('home

[ 2015-12-26T15:53:52+08:00 ] ::1 /hennessy/index.php/home/index/%7B:U('Home/Hennessy/hennessy','','')%7D
ERR: 非法操作:{:u('home

[ 2015-12-26T15:57:41+08:00 ] ::1 /hennessy/index.php/home/index/%7B:U('Home/Index/index','','')%7D
ERR: 非法操作:{:u('home

[ 2015-12-26T15:57:59+08:00 ] ::1 /hennessy/index.php/home/%7B:U('Home/Index/index')%7D
ERR: 无法加载控制器:{:U('Home

[ 2015-12-26T15:58:11+08:00 ] ::1 /hennessy/index.php/home/%7B:U('Home/Index/index','','')%7D
ERR: 无法加载控制器:{:U('Home

[ 2015-12-26T15:59:32+08:00 ] ::1 /hennessy/index.php/home/%7B:U('Home/Index/index','','')%7D
ERR: 无法加载控制器:{:U('Home

[ 2015-12-26T15:59:37+08:00 ] ::1 /hennessy/index.php/home/index/%7B:U('Home/Index/index','','')%7D
ERR: 非法操作:{:u('home

[ 2015-12-26T16:00:46+08:00 ] ::1 /hennessy/index.php/home/index/%7B:U('Home/Index/index','','')%7D
ERR: 非法操作:{:u('home

[ 2015-12-26T16:01:46+08:00 ] ::1 /hennessy/index.php/home/index/%7B:U('Home/Index/index','','')%7D
ERR: 非法操作:{:u('home

[ 2015-12-26T16:02:08+08:00 ] ::1 /hennessy/index.php/home/index/%7B:U('Home/Index/index','','')%7D
ERR: 非法操作:{:u('home

[ 2015-12-26T16:02:16+08:00 ] ::1 /hennessy/index.php/home/index/%7B:U('Home/Index/index','','')%7D
ERR: 非法操作:{:u('home

[ 2015-12-26T16:03:13+08:00 ] ::1 /hennessy/index.php/home/index/%3C%7B:U('Home/Index/index','','')%7D%3E
ERR: 非法操作:

[ 2015-12-26T16:07:37+08:00 ] ::1 /hennessy/index.php/home/index/%3C%7B:U('Home/Index/index','','')%7D%3E
ERR: 非法操作:

